make.exe: Entering directory `d:/M2_DISTANCE-1'
echo
echo -------- begin --------
avr-gcc --version
if test -f distance.elf; then echo; echo Size before: ; avr-size --mcu=atmega32 --format=avr distance.elf; \
	2>/dev/null; echo; fi
echo
echo Compiling C: distance.c
avr-gcc -c -mmcu=atmega32 -I. -gdwarf-2 -DF_CPU=8000000UL -Os -funsigned-char -funsigned-bitfields -fpack-struct -fshort-enums -Wall -Wstrict-prototypes -Wa,-adhlns=./distance.lst  -std=gnu99 -MMD -MP -MF .dep/distance.o.d distance.c -o distance.o 
echo
echo Linking: distance.elf
avr-gcc -mmcu=atmega32 -I. -gdwarf-2 -DF_CPU=8000000UL -Os -funsigned-char -funsigned-bitfields -fpack-struct -fshort-enums -Wall -Wstrict-prototypes -Wa,-adhlns=distance.o  -std=gnu99 -MMD -MP -MF .dep/distance.elf.d distance.o --output distance.elf -Wl,-Map=distance.map,--cref     -lm
echo
echo Creating load file for Flash: distance.hex
avr-objcopy -O ihex -R .eeprom -R .fuse -R .lock distance.elf distance.hex
echo
echo Creating load file for EEPROM: distance.eep
avr-objcopy -j .eeprom --set-section-flags=.eeprom="alloc,load" \
	--change-section-lma .eeprom=0 --no-change-warnings -O ihex distance.elf distance.eep || exit 0
echo
echo Creating Extended Listing: distance.lss
avr-objdump -h -S -z distance.elf > distance.lss
echo
echo Creating Symbol Table: distance.sym
avr-nm -n distance.elf > distance.sym
if test -f distance.elf; then echo; echo Size after:; avr-size --mcu=atmega32 --format=avr distance.elf; \
	2>/dev/null; echo; fi
echo --------  end  --------
echo
make.exe: Leaving directory `d:/M2_DISTANCE-1'
 
process_begin: CreateProcess(NULL, "", ...) failed.
process_begin: CreateProcess(NULL, "", ...) failed.

